# JRE version: Java(TM) SE Runtime Environment (8.0_25-b18) (build 1.8.0_25-b18)
# Java VM: Java HotSpot(TM) 64-Bit Server VM (25.25-b02 mixed mode windows-amd64 compressed oops)
Heap:
 PSYoungGen      total 37888K, used 31076K [0x00000000d5900000, 0x00000000d8700000, 0x0000000100000000)
  eden space 32768K, 81% used [0x00000000d5900000,0x00000000d7319098,0x00000000d7900000)
  from space 5120K, 85% used [0x00000000d7980000,0x00000000d7dc0020,0x00000000d7e80000)
  to   space 7168K, 0% used [0x00000000d8000000,0x00000000d8000000,0x00000000d8700000)
 ParOldGen       total 87552K, used 2041K [0x0000000080a00000, 0x0000000085f80000, 0x00000000d5900000)
  object space 87552K, 2% used [0x0000000080a00000,0x0000000080bfe6e0,0x0000000085f80000)
 Metaspace       used 18798K, capacity 19090K, committed 19328K, reserved 1067008K
  class space    used 2251K, capacity 2321K, committed 2432K, reserved 1048576K
GC Heap History (10 events):
Event: 81.160 GC heap before
{Heap before GC invocations=1 (full 0):
 PSYoungGen      total 38400K, used 33280K [0x00000000d5900000, 0x00000000d8380000, 0x0000000100000000)
  eden space 33280K, 100% used [0x00000000d5900000,0x00000000d7980000,0x00000000d7980000)
  from space 5120K, 0% used [0x00000000d7e80000,0x00000000d7e80000,0x00000000d8380000)
  to   space 5120K, 0% used [0x00000000d7980000,0x00000000d7980000,0x00000000d7e80000)
 ParOldGen       total 87552K, used 0K [0x0000000080a00000, 0x0000000085f80000, 0x00000000d5900000)
  object space 87552K, 0% used [0x0000000080a00000,0x0000000080a00000,0x0000000085f80000)
 Metaspace       used 18226K, capacity 18502K, committed 18816K, reserved 1064960K
  class space    used 2248K, capacity 2319K, committed 2432K, reserved 1048576K
Event: 81.165 GC heap after
Heap after GC invocations=1 (full 0):
 PSYoungGen      total 38400K, used 5106K [0x00000000d5900000, 0x00000000d8380000, 0x0000000100000000)
  eden space 33280K, 0% used [0x00000000d5900000,0x00000000d5900000,0x00000000d7980000)
  from space 5120K, 99% used [0x00000000d7980000,0x00000000d7e7c808,0x00000000d7e80000)
  to   space 5120K, 0% used [0x00000000d7e80000,0x00000000d7e80000,0x00000000d8380000)
 ParOldGen       total 87552K, used 2009K [0x0000000080a00000, 0x0000000085f80000, 0x00000000d5900000)
  object space 87552K, 2% used [0x0000000080a00000,0x0000000080bf66e0,0x0000000085f80000)
 Metaspace       used 18226K, capacity 18502K, committed 18816K, reserved 1064960K
  class space    used 2248K, capacity 2319K, committed 2432K, reserved 1048576K
}
Event: 208.707 GC heap before
{Heap before GC invocations=2 (full 0):
 PSYoungGen      total 38400K, used 38386K [0x00000000d5900000, 0x00000000d8380000, 0x0000000100000000)
  eden space 33280K, 100% used [0x00000000d5900000,0x00000000d7980000,0x00000000d7980000)
  from space 5120K, 99% used [0x00000000d7980000,0x00000000d7e7c808,0x00000000d7e80000)
  to   space 5120K, 0% used [0x00000000d7e80000,0x00000000d7e80000,0x00000000d8380000)
 ParOldGen       total 87552K, used 2009K [0x0000000080a00000, 0x0000000085f80000, 0x00000000d5900000)
  object space 87552K, 2% used [0x0000000080a00000,0x0000000080bf66e0,0x0000000085f80000)
 Metaspace       used 18402K, capacity 18694K, committed 19072K, reserved 1067008K
  class space    used 2249K, capacity 2319K, committed 2432K, reserved 1048576K
Event: 208.710 GC heap after
Heap after GC invocations=2 (full 0):
 PSYoungGen      total 38400K, used 4208K [0x00000000d5900000, 0x00000000d8380000, 0x0000000100000000)
  eden space 33280K, 0% used [0x00000000d5900000,0x00000000d5900000,0x00000000d7980000)
  from space 5120K, 82% used [0x00000000d7e80000,0x00000000d829c030,0x00000000d8380000)
  to   space 5120K, 0% used [0x00000000d7980000,0x00000000d7980000,0x00000000d7e80000)
 ParOldGen       total 87552K, used 2017K [0x0000000080a00000, 0x0000000085f80000, 0x00000000d5900000)
  object space 87552K, 2% used [0x0000000080a00000,0x0000000080bf86e0,0x0000000085f80000)
 Metaspace       used 18402K, capacity 18694K, committed 19072K, reserved 1067008K
  class space    used 2249K, capacity 2319K, committed 2432K, reserved 1048576K
}
Event: 338.626 GC heap before
{Heap before GC invocations=3 (full 0):
 PSYoungGen      total 38400K, used 37488K [0x00000000d5900000, 0x00000000d8380000, 0x0000000100000000)
  eden space 33280K, 100% used [0x00000000d5900000,0x00000000d7980000,0x00000000d7980000)
  from space 5120K, 82% used [0x00000000d7e80000,0x00000000d829c030,0x00000000d8380000)
  to   space 5120K, 0% used [0x00000000d7980000,0x00000000d7980000,0x00000000d7e80000)
 ParOldGen       total 87552K, used 2017K [0x0000000080a00000, 0x0000000085f80000, 0x00000000d5900000)
  object space 87552K, 2% used [0x0000000080a00000,0x0000000080bf86e0,0x0000000085f80000)
 Metaspace       used 18481K, capacity 18822K, committed 19072K, reserved 1067008K
  class space    used 2250K, capacity 2319K, committed 2432K, reserved 1048576K
Event: 338.629 GC heap after
Heap after GC invocations=3 (full 0):
 PSYoungGen      total 38400K, used 4256K [0x00000000d5900000, 0x00000000d8380000, 0x0000000100000000)
  eden space 33280K, 0% used [0x00000000d5900000,0x00000000d5900000,0x00000000d7980000)
  from space 5120K, 83% used [0x00000000d7980000,0x00000000d7da8040,0x00000000d7e80000)
  to   space 5120K, 0% used [0x00000000d7e80000,0x00000000d7e80000,0x00000000d8380000)
 ParOldGen       total 87552K, used 2025K [0x0000000080a00000, 0x0000000085f80000, 0x00000000d5900000)
  object space 87552K, 2% used [0x0000000080a00000,0x0000000080bfa6e0,0x0000000085f80000)
 Metaspace       used 18481K, capacity 18822K, committed 19072K, reserved 1067008K
  class space    used 2250K, capacity 2319K, committed 2432K, reserved 1048576K
}
Event: 470.056 GC heap before
{Heap before GC invocations=4 (full 0):
 PSYoungGen      total 38400K, used 37536K [0x00000000d5900000, 0x00000000d8380000, 0x0000000100000000)
  eden space 33280K, 100% used [0x00000000d5900000,0x00000000d7980000,0x00000000d7980000)
  from space 5120K, 83% used [0x00000000d7980000,0x00000000d7da8040,0x00000000d7e80000)
  to   space 5120K, 0% used [0x00000000d7e80000,0x00000000d7e80000,0x00000000d8380000)
 ParOldGen       total 87552K, used 2025K [0x0000000080a00000, 0x0000000085f80000, 0x00000000d5900000)
  object space 87552K, 2% used [0x0000000080a00000,0x0000000080bfa6e0,0x0000000085f80000)
 Metaspace       used 18713K, capacity 19020K, committed 19328K, reserved 1067008K
  class space    used 2251K, capacity 2320K, committed 2432K, reserved 1048576K
Event: 470.059 GC heap after
Heap after GC invocations=4 (full 0):
 PSYoungGen      total 38400K, used 4336K [0x00000000d5900000, 0x00000000d8380000, 0x0000000100000000)
  eden space 33280K, 0% used [0x00000000d5900000,0x00000000d5900000,0x00000000d7980000)
  from space 5120K, 84% used [0x00000000d7e80000,0x00000000d82bc030,0x00000000d8380000)
  to   space 5120K, 0% used [0x00000000d7980000,0x00000000d7980000,0x00000000d7e80000)
 ParOldGen       total 87552K, used 2033K [0x0000000080a00000, 0x0000000085f80000, 0x00000000d5900000)
  object space 87552K, 2% used [0x0000000080a00000,0x0000000080bfc6e0,0x0000000085f80000)
 Metaspace       used 18713K, capacity 19020K, committed 19328K, reserved 1067008K
  class space    used 2251K, capacity 2320K, committed 2432K, reserved 1048576K
}
Event: 577.571 GC heap before
{Heap before GC invocations=5 (full 0):
 PSYoungGen      total 38400K, used 37616K [0x00000000d5900000, 0x00000000d8380000, 0x0000000100000000)
  eden space 33280K, 100% used [0x00000000d5900000,0x00000000d7980000,0x00000000d7980000)
  from space 5120K, 84% used [0x00000000d7e80000,0x00000000d82bc030,0x00000000d8380000)
  to   space 5120K, 0% used [0x00000000d7980000,0x00000000d7980000,0x00000000d7e80000)
 ParOldGen       total 87552K, used 2033K [0x0000000080a00000, 0x0000000085f80000, 0x00000000d5900000)
  object space 87552K, 2% used [0x0000000080a00000,0x0000000080bfc6e0,0x0000000085f80000)
 Metaspace       used 18780K, capacity 19090K, committed 19328K, reserved 1067008K
  class space    used 2251K, capacity 2321K, committed 2432K, reserved 1048576K
Event: 577.575 GC heap after
Heap after GC invocations=5 (full 0):
 PSYoungGen      total 37888K, used 4352K [0x00000000d5900000, 0x00000000d8700000, 0x0000000100000000)
  eden space 32768K, 0% used [0x00000000d5900000,0x00000000d5900000,0x00000000d7900000)
  from space 5120K, 85% used [0x00000000d7980000,0x00000000d7dc0020,0x00000000d7e80000)
  to   space 7168K, 0% used [0x00000000d8000000,0x00000000d8000000,0x00000000d8700000)
 ParOldGen       total 87552K, used 2041K [0x0000000080a00000, 0x0000000085f80000, 0x00000000d5900000)
  object space 87552K, 2% used [0x0000000080a00000,0x0000000080bfe6e0,0x0000000085f80000)
 Metaspace       used 18780K, capacity 19090K, committed 19328K, reserved 1067008K
  class space    used 2251K, capacity 2321K, committed 2432K, reserved 1048576K
}

